[debug] [2021-05-13T11:25:36.731Z] ----------------------------------------------------------------------
[debug] [2021-05-13T11:25:36.733Z] Command:       C:\Program Files\nodejs\node.exe C:\Users\hp\AppData\Roaming\npm\node_modules\firebase-tools\lib\bin\firebase.js emulators:start
[debug] [2021-05-13T11:25:36.733Z] CLI Version:   9.10.2
[debug] [2021-05-13T11:25:36.733Z] Platform:      win32
[debug] [2021-05-13T11:25:36.734Z] Node Version:  v14.16.1
[debug] [2021-05-13T11:25:36.734Z] Time:          Thu May 13 2021 16:55:36 GMT+0530 (India Standard Time)
[debug] [2021-05-13T11:25:36.735Z] ----------------------------------------------------------------------
[debug] 
[debug] [2021-05-13T11:25:36.744Z] > command requires scopes: ["email","openid","https://www.googleapis.com/auth/cloudplatformprojects.readonly","https://www.googleapis.com/auth/firebase","https://www.googleapis.com/auth/cloud-platform"]
[debug] [2021-05-13T11:25:36.744Z] > authorizing via signed-in user (vickyeditz@gmail.com)
[info] i  emulators: Starting emulators: functions, hosting {"metadata":{"emulator":{"name":"hub"},"message":"Starting emulators: functions, hosting"}}
[debug] [2021-05-13T11:25:36.783Z] [hub] writing locator at C:\Users\hp\AppData\Local\Temp\hub-clone-42a44.json
[warn] !  functions: The following emulators are not running, calls to these services from the Functions emulator will affect production: auth, firestore, database, pubsub {"metadata":{"emulator":{"name":"functions"},"message":"The following emulators are not running, calls to these services from the Functions emulator will affect production: \u001b[1mauth, firestore, database, pubsub\u001b[22m"}}
[warn] !  Your requested "node" version "12" doesn't match your global version "14" {"metadata":{"emulator":{"name":"functions"},"message":"Your requested \"node\" version \"12\" doesn't match your global version \"14\""}}
[debug] [2021-05-13T11:25:36.835Z] defaultcredentials: writing to file C:\Users\hp\AppData\Roaming\firebase\vickyeditz_gmail_com_application_default_credentials.json
[debug] [2021-05-13T11:25:36.839Z] Setting GAC to C:\Users\hp\AppData\Roaming\firebase\vickyeditz_gmail_com_application_default_credentials.json {"metadata":{"emulator":{"name":"functions"},"message":"Setting GAC to C:\\Users\\hp\\AppData\\Roaming\\firebase\\vickyeditz_gmail_com_application_default_credentials.json"}}
[debug] [2021-05-13T11:25:36.844Z] >>> [apiv2][query] GET https://firebase.googleapis.com/v1beta1/projects/clone-42a44/adminSdkConfig [none]
[debug] [2021-05-13T11:25:57.896Z] Failed to get Admin SDK config for clone-42a44, falling back to cache Failed to get Admin SDK for Firebase project clone-42a44. Please make sure the project exists and your account has permission to access it. {"name":"FirebaseError","children":[],"exit":2,"message":"Failed to get Admin SDK for Firebase project clone-42a44. Please make sure the project exists and your account has permission to access it.","original":{"name":"FirebaseError","children":[],"exit":1,"message":"Failed to make request to https://firebase.googleapis.com/v1beta1/projects/clone-42a44/adminSdkConfig","original":{"message":"request to https://firebase.googleapis.com/v1beta1/projects/clone-42a44/adminSdkConfig failed, reason: connect ETIMEDOUT 216.58.200.138:443","type":"system","errno":"ETIMEDOUT","code":"ETIMEDOUT"},"status":500},"status":500}
[debug] [2021-05-13T11:25:57.919Z] >>> [apiv2][query] GET https://firebasehosting.googleapis.com/v1beta1/projects/clone-42a44/sites 
[debug] [2021-05-13T11:25:59.399Z] <<< [apiv2][status] GET https://firebasehosting.googleapis.com/v1beta1/projects/clone-42a44/sites 200
[debug] [2021-05-13T11:25:59.400Z] <<< [apiv2][body] GET https://firebasehosting.googleapis.com/v1beta1/projects/clone-42a44/sites {"sites":[{"name":"projects/51166510648/sites/clone-42a44","defaultUrl":"https://clone-42a44.web.app","appId":"1:51166510648:web:2a133d961a47bdb3aab0cd","type":"DEFAULT_SITE"}]}
[debug] [2021-05-13T11:25:59.401Z] >>> [apiv2][query] GET https://firebase.googleapis.com/v1beta1/projects/clone-42a44/webApps/1:51166510648:web:2a133d961a47bdb3aab0cd/config [none]
[debug] [2021-05-13T11:27:14.030Z] ----------------------------------------------------------------------
[debug] [2021-05-13T11:27:14.032Z] Command:       C:\Program Files\nodejs\node.exe C:\Users\hp\AppData\Roaming\npm\node_modules\firebase-tools\lib\bin\firebase.js emulators:start
[debug] [2021-05-13T11:27:14.032Z] CLI Version:   9.10.2
[debug] [2021-05-13T11:27:14.032Z] Platform:      win32
[debug] [2021-05-13T11:27:14.032Z] Node Version:  v14.16.1
[debug] [2021-05-13T11:27:14.033Z] Time:          Thu May 13 2021 16:57:14 GMT+0530 (India Standard Time)
[debug] [2021-05-13T11:27:14.033Z] ----------------------------------------------------------------------
[debug] 
[debug] [2021-05-13T11:27:14.041Z] > command requires scopes: ["email","openid","https://www.googleapis.com/auth/cloudplatformprojects.readonly","https://www.googleapis.com/auth/firebase","https://www.googleapis.com/auth/cloud-platform"]
[debug] [2021-05-13T11:27:14.041Z] > authorizing via signed-in user (vickyeditz@gmail.com)
[info] i  emulators: Starting emulators: functions, hosting {"metadata":{"emulator":{"name":"hub"},"message":"Starting emulators: functions, hosting"}}
[warn] !  emulators: It seems that you are running multiple instances of the emulator suite for project clone-42a44. This may result in unexpected behavior. 
[debug] [2021-05-13T11:27:14.070Z] [hub] writing locator at C:\Users\hp\AppData\Local\Temp\hub-clone-42a44.json
[warn] !  functions: The following emulators are not running, calls to these services from the Functions emulator will affect production: auth, firestore, database, pubsub {"metadata":{"emulator":{"name":"functions"},"message":"The following emulators are not running, calls to these services from the Functions emulator will affect production: \u001b[1mauth, firestore, database, pubsub\u001b[22m"}}
[warn] !  Your requested "node" version "12" doesn't match your global version "14" {"metadata":{"emulator":{"name":"functions"},"message":"Your requested \"node\" version \"12\" doesn't match your global version \"14\""}}
[debug] [2021-05-13T11:27:14.119Z] defaultcredentials: writing to file C:\Users\hp\AppData\Roaming\firebase\vickyeditz_gmail_com_application_default_credentials.json
[debug] [2021-05-13T11:27:14.122Z] Setting GAC to C:\Users\hp\AppData\Roaming\firebase\vickyeditz_gmail_com_application_default_credentials.json {"metadata":{"emulator":{"name":"functions"},"message":"Setting GAC to C:\\Users\\hp\\AppData\\Roaming\\firebase\\vickyeditz_gmail_com_application_default_credentials.json"}}
[debug] [2021-05-13T11:27:14.126Z] >>> [apiv2][query] GET https://firebase.googleapis.com/v1beta1/projects/clone-42a44/adminSdkConfig [none]
[debug] [2021-05-13T11:27:14.696Z] <<< [apiv2][status] GET https://firebase.googleapis.com/v1beta1/projects/clone-42a44/adminSdkConfig 200
[debug] [2021-05-13T11:27:14.696Z] <<< [apiv2][body] GET https://firebase.googleapis.com/v1beta1/projects/clone-42a44/adminSdkConfig {"projectId":"clone-42a44","storageBucket":"clone-42a44.appspot.com"}
[debug] [2021-05-13T11:27:14.738Z] >>> [apiv2][query] GET https://firebasehosting.googleapis.com/v1beta1/projects/clone-42a44/sites 
[debug] [2021-05-13T11:27:16.166Z] <<< [apiv2][status] GET https://firebasehosting.googleapis.com/v1beta1/projects/clone-42a44/sites 200
[debug] [2021-05-13T11:27:16.166Z] <<< [apiv2][body] GET https://firebasehosting.googleapis.com/v1beta1/projects/clone-42a44/sites {"sites":[{"name":"projects/51166510648/sites/clone-42a44","defaultUrl":"https://clone-42a44.web.app","appId":"1:51166510648:web:2a133d961a47bdb3aab0cd","type":"DEFAULT_SITE"}]}
[debug] [2021-05-13T11:27:16.167Z] >>> [apiv2][query] GET https://firebase.googleapis.com/v1beta1/projects/clone-42a44/webApps/1:51166510648:web:2a133d961a47bdb3aab0cd/config [none]
[debug] [2021-05-13T11:27:17.361Z] <<< [apiv2][status] GET https://firebase.googleapis.com/v1beta1/projects/clone-42a44/webApps/1:51166510648:web:2a133d961a47bdb3aab0cd/config 200
[debug] [2021-05-13T11:27:17.362Z] <<< [apiv2][body] GET https://firebase.googleapis.com/v1beta1/projects/clone-42a44/webApps/1:51166510648:web:2a133d961a47bdb3aab0cd/config {"projectId":"clone-42a44","appId":"1:51166510648:web:2a133d961a47bdb3aab0cd","storageBucket":"clone-42a44.appspot.com","apiKey":"AIzaSyD2QSTJhGR8mbk1IQPkBZ6k0AmnQZejYbI","authDomain":"clone-42a44.firebaseapp.com","messagingSenderId":"51166510648","measurementId":"G-JR2DTQN326"}
[info] i  hosting: Serving hosting files from: build {"metadata":{"emulator":{"name":"hosting"},"message":"Serving hosting files from: \u001b[1mbuild\u001b[22m"}}
[info] +  hosting: Local server: http://localhost:5000 {"metadata":{"emulator":{"name":"hosting"},"message":"Local server: \u001b[4m\u001b[1mhttp://localhost:5000\u001b[22m\u001b[24m"}}
[debug] [2021-05-13T11:27:17.437Z] Ignoring unsupported arg: auto_download {"metadata":{"emulator":{"name":"ui"},"message":"Ignoring unsupported arg: auto_download"}}
[debug] [2021-05-13T11:27:17.437Z] Ignoring unsupported arg: port {"metadata":{"emulator":{"name":"ui"},"message":"Ignoring unsupported arg: port"}}
[debug] [2021-05-13T11:27:17.438Z] Starting Emulator UI with command {"binary":"node","args":["C:\\Users\\hp\\.cache\\firebase\\emulators\\ui-v1.4.2\\server.bundle.js"],"optionalArgs":[],"joinArgs":false} {"metadata":{"emulator":{"name":"ui"},"message":"Starting Emulator UI with command {\"binary\":\"node\",\"args\":[\"C:\\\\Users\\\\hp\\\\.cache\\\\firebase\\\\emulators\\\\ui-v1.4.2\\\\server.bundle.js\"],\"optionalArgs\":[],\"joinArgs\":false}"}}
[info] i  ui: Emulator UI logging to ui-debug.log {"metadata":{"emulator":{"name":"ui"},"message":"Emulator UI logging to \u001b[1mui-debug.log\u001b[22m"}}
[debug] [2021-05-13T11:27:17.583Z] Web / API server started at http://localhost:4000
 {"metadata":{"emulator":{"name":"ui"},"message":"Web / API server started at http://localhost:4000\n"}}
[info] i  functions: Watching "E:\amazon-clone\functions" for Cloud Functions... {"metadata":{"emulator":{"name":"functions"},"message":"Watching \"E:\\amazon-clone\\functions\" for Cloud Functions..."}}
[debug] [2021-05-13T11:27:17.749Z] [worker-pool] addWorker(~diagnostic~) {"metadata":{"emulator":{"name":"functions"},"message":"[worker-pool] addWorker(~diagnostic~)"}}
[debug] [2021-05-13T11:27:17.750Z] [worker-pool] Adding worker with key ~diagnostic~, total=1 {"metadata":{"emulator":{"name":"functions"},"message":"[worker-pool] Adding worker with key ~diagnostic~, total=1"}}
[debug] [2021-05-13T11:27:17.750Z] [worker-pool] submitWork(triggerId=) {"metadata":{"emulator":{"name":"functions"},"message":"[worker-pool] submitWork(triggerId=)"}}
[debug] [2021-05-13T11:27:17.752Z] [worker-~diagnostic~-fddaadaa-e475-4793-b244-a854d0311063]: Assigning socketPath: \\?\pipe\E:\amazon-clone\functions\20356 {"metadata":{"emulator":{"name":"functions"},"message":"[worker-~diagnostic~-fddaadaa-e475-4793-b244-a854d0311063]: Assigning socketPath: \\\\?\\pipe\\E:\\amazon-clone\\functions\\20356"}}
[debug] [2021-05-13T11:27:17.753Z] [worker-~diagnostic~-fddaadaa-e475-4793-b244-a854d0311063]: BUSY {"metadata":{"emulator":{"name":"functions"},"message":"[worker-~diagnostic~-fddaadaa-e475-4793-b244-a854d0311063]: BUSY"}}
[debug] [2021-05-13T11:27:18.128Z] [runtime-status] [20356] Functions runtime initialized. {"cwd":"E:\\amazon-clone\\functions","node_version":"14.16.1"} {"metadata":{"emulator":{"name":"functions"},"message":"[runtime-status] [20356] Functions runtime initialized. {\"cwd\":\"E:\\\\amazon-clone\\\\functions\",\"node_version\":\"14.16.1\"}"}}
[debug] [2021-05-13T11:27:18.129Z] [runtime-status] [20356] Disabled runtime features: undefined {"metadata":{"emulator":{"name":"functions"},"message":"[runtime-status] [20356] Disabled runtime features: undefined"}}
[debug] [2021-05-13T11:27:18.131Z] [runtime-status] [20356] Resolved module firebase-admin {"declared":true,"installed":true,"version":"9.8.0","resolution":"E:\\amazon-clone\\functions\\node_modules\\firebase-admin\\lib\\index.js"} {"metadata":{"emulator":{"name":"functions"},"message":"[runtime-status] [20356] Resolved module firebase-admin {\"declared\":true,\"installed\":true,\"version\":\"9.8.0\",\"resolution\":\"E:\\\\amazon-clone\\\\functions\\\\node_modules\\\\firebase-admin\\\\lib\\\\index.js\"}"}}
[debug] [2021-05-13T11:27:18.132Z] [runtime-status] [20356] Resolved module firebase-functions {"declared":true,"installed":true,"version":"3.14.0","resolution":"E:\\amazon-clone\\functions\\node_modules\\firebase-functions\\lib\\index.js"} {"metadata":{"emulator":{"name":"functions"},"message":"[runtime-status] [20356] Resolved module firebase-functions {\"declared\":true,\"installed\":true,\"version\":\"3.14.0\",\"resolution\":\"E:\\\\amazon-clone\\\\functions\\\\node_modules\\\\firebase-functions\\\\lib\\\\index.js\"}"}}
[debug] [2021-05-13T11:27:18.134Z] [runtime-status] [20356] Resolved module firebase-functions {"declared":true,"installed":true,"version":"3.14.0","resolution":"E:\\amazon-clone\\functions\\node_modules\\firebase-functions\\lib\\index.js"} {"metadata":{"emulator":{"name":"functions"},"message":"[runtime-status] [20356] Resolved module firebase-functions {\"declared\":true,\"installed\":true,\"version\":\"3.14.0\",\"resolution\":\"E:\\\\amazon-clone\\\\functions\\\\node_modules\\\\firebase-functions\\\\lib\\\\index.js\"}"}}
[debug] [2021-05-13T11:27:18.135Z] [runtime-status] [20356] Outgoing network have been stubbed. [{"name":"http","status":"mocked"},{"name":"http","status":"mocked"},{"name":"https","status":"mocked"},{"name":"https","status":"mocked"},{"name":"net","status":"mocked"}] {"metadata":{"emulator":{"name":"functions"},"message":"[runtime-status] [20356] Outgoing network have been stubbed. [{\"name\":\"http\",\"status\":\"mocked\"},{\"name\":\"http\",\"status\":\"mocked\"},{\"name\":\"https\",\"status\":\"mocked\"},{\"name\":\"https\",\"status\":\"mocked\"},{\"name\":\"net\",\"status\":\"mocked\"}]"}}
[debug] [2021-05-13T11:27:18.136Z] [runtime-status] [20356] Resolved module firebase-functions {"declared":true,"installed":true,"version":"3.14.0","resolution":"E:\\amazon-clone\\functions\\node_modules\\firebase-functions\\lib\\index.js"} {"metadata":{"emulator":{"name":"functions"},"message":"[runtime-status] [20356] Resolved module firebase-functions {\"declared\":true,\"installed\":true,\"version\":\"3.14.0\",\"resolution\":\"E:\\\\amazon-clone\\\\functions\\\\node_modules\\\\firebase-functions\\\\lib\\\\index.js\"}"}}
[debug] [2021-05-13T11:27:18.175Z] [runtime-status] [20356] Checked functions.config() {"config":{}} {"metadata":{"emulator":{"name":"functions"},"message":"[runtime-status] [20356] Checked functions.config() {\"config\":{}}"}}
[debug] [2021-05-13T11:27:18.175Z] [runtime-status] [20356] firebase-functions has been stubbed. {"functionsResolution":{"declared":true,"installed":true,"version":"3.14.0","resolution":"E:\\amazon-clone\\functions\\node_modules\\firebase-functions\\lib\\index.js"}} {"metadata":{"emulator":{"name":"functions"},"message":"[runtime-status] [20356] firebase-functions has been stubbed. {\"functionsResolution\":{\"declared\":true,\"installed\":true,\"version\":\"3.14.0\",\"resolution\":\"E:\\\\amazon-clone\\\\functions\\\\node_modules\\\\firebase-functions\\\\lib\\\\index.js\"}}"}}
[debug] [2021-05-13T11:27:18.175Z] [runtime-status] [20356] Resolved module firebase-functions {"declared":true,"installed":true,"version":"3.14.0","resolution":"E:\\amazon-clone\\functions\\node_modules\\firebase-functions\\lib\\index.js"} {"metadata":{"emulator":{"name":"functions"},"message":"[runtime-status] [20356] Resolved module firebase-functions {\"declared\":true,\"installed\":true,\"version\":\"3.14.0\",\"resolution\":\"E:\\\\amazon-clone\\\\functions\\\\node_modules\\\\firebase-functions\\\\lib\\\\index.js\"}"}}
[debug] [2021-05-13T11:27:18.176Z] [runtime-status] [20356] Resolved module firebase-admin {"declared":true,"installed":true,"version":"9.8.0","resolution":"E:\\amazon-clone\\functions\\node_modules\\firebase-admin\\lib\\index.js"} {"metadata":{"emulator":{"name":"functions"},"message":"[runtime-status] [20356] Resolved module firebase-admin {\"declared\":true,\"installed\":true,\"version\":\"9.8.0\",\"resolution\":\"E:\\\\amazon-clone\\\\functions\\\\node_modules\\\\firebase-admin\\\\lib\\\\index.js\"}"}}
[debug] [2021-05-13T11:27:18.177Z] [runtime-status] [20356] Resolved module firebase-functions {"declared":true,"installed":true,"version":"3.14.0","resolution":"E:\\amazon-clone\\functions\\node_modules\\firebase-functions\\lib\\index.js"} {"metadata":{"emulator":{"name":"functions"},"message":"[runtime-status] [20356] Resolved module firebase-functions {\"declared\":true,\"installed\":true,\"version\":\"3.14.0\",\"resolution\":\"E:\\\\amazon-clone\\\\functions\\\\node_modules\\\\firebase-functions\\\\lib\\\\index.js\"}"}}
[debug] [2021-05-13T11:27:18.177Z] [runtime-status] [20356] firebase-admin has been stubbed. {"adminResolution":{"declared":true,"installed":true,"version":"9.8.0","resolution":"E:\\amazon-clone\\functions\\node_modules\\firebase-admin\\lib\\index.js"}} {"metadata":{"emulator":{"name":"functions"},"message":"[runtime-status] [20356] firebase-admin has been stubbed. {\"adminResolution\":{\"declared\":true,\"installed\":true,\"version\":\"9.8.0\",\"resolution\":\"E:\\\\amazon-clone\\\\functions\\\\node_modules\\\\firebase-admin\\\\lib\\\\index.js\"}}"}}
[info] +  functions[api]: http function initialized (http://localhost:5001/clone-42a44/us-central1/api). {"metadata":{"emulator":{"name":"functions"},"message":"\u001b[1mhttp\u001b[22m function initialized (http://localhost:5001/clone-42a44/us-central1/api)."}}
[info] 
┌─────────────────────────────────────────────────────────────┐
│ ✔  All emulators ready! It is now safe to connect your app. │
│ i  View Emulator UI at http://localhost:4000                │
└─────────────────────────────────────────────────────────────┘

┌───────────┬────────────────┬─────────────────────────────────┐
│ Emulator  │ Host:Port      │ View in Emulator UI             │
├───────────┼────────────────┼─────────────────────────────────┤
│ Functions │ localhost:5001 │ http://localhost:4000/functions │
├───────────┼────────────────┼─────────────────────────────────┤
│ Hosting   │ localhost:5000 │ n/a                             │
└───────────┴────────────────┴─────────────────────────────────┘
  Emulator Hub running at localhost:4400
  Other reserved ports: 4500

Issues? Report them at https://github.com/firebase/firebase-tools/issues and attach the *-debug.log files.
 
[debug] [2021-05-13T11:27:18.334Z] [worker-~diagnostic~-fddaadaa-e475-4793-b244-a854d0311063]: IDLE {"metadata":{"emulator":{"name":"functions"},"message":"[worker-~diagnostic~-fddaadaa-e475-4793-b244-a854d0311063]: IDLE"}}
[debug] [2021-05-13T11:27:35.308Z] [work-queue] {"queueLength":1,"workRunningCount":0}
[debug] [2021-05-13T11:27:35.309Z] [work-queue] {"queueLength":0,"workRunningCount":1}
[debug] [2021-05-13T11:27:35.310Z] Accepted request POST /clone-42a44/us-central1/api/payments/create?total=0 --> api
[debug] [2021-05-13T11:27:35.323Z] [worker-pool] addWorker(api) {"metadata":{"emulator":{"name":"functions"},"message":"[worker-pool] addWorker(api)"}}
[debug] [2021-05-13T11:27:35.324Z] [worker-pool] Adding worker with key api, total=1 {"metadata":{"emulator":{"name":"functions"},"message":"[worker-pool] Adding worker with key api, total=1"}}
[debug] [2021-05-13T11:27:35.324Z] [worker-pool] submitWork(triggerId=api) {"metadata":{"emulator":{"name":"functions"},"message":"[worker-pool] submitWork(triggerId=api)"}}
[debug] [2021-05-13T11:27:35.325Z] [worker-api-5d0b7ed4-c91d-4131-a3fc-d27b0ae8d1c4]: Assigning socketPath: \\?\pipe\E:\amazon-clone\functions\5476 {"metadata":{"emulator":{"name":"functions"},"message":"[worker-api-5d0b7ed4-c91d-4131-a3fc-d27b0ae8d1c4]: Assigning socketPath: \\\\?\\pipe\\E:\\amazon-clone\\functions\\5476"}}
[debug] [2021-05-13T11:27:35.325Z] [worker-api-5d0b7ed4-c91d-4131-a3fc-d27b0ae8d1c4]: BUSY {"metadata":{"emulator":{"name":"functions"},"message":"[worker-api-5d0b7ed4-c91d-4131-a3fc-d27b0ae8d1c4]: BUSY"}}
[debug] [2021-05-13T11:27:35.796Z] [runtime-status] [5476] Functions runtime initialized. {"cwd":"E:\\amazon-clone\\functions","node_version":"14.16.1"} {"metadata":{"emulator":{"name":"functions"},"function":{"name":"api"},"message":"[runtime-status] [5476] Functions runtime initialized. {\"cwd\":\"E:\\\\amazon-clone\\\\functions\",\"node_version\":\"14.16.1\"}"}}
[debug] [2021-05-13T11:27:35.798Z] [runtime-status] [5476] Disabled runtime features: undefined {"metadata":{"emulator":{"name":"functions"},"function":{"name":"api"},"message":"[runtime-status] [5476] Disabled runtime features: undefined"}}
[debug] [2021-05-13T11:27:35.801Z] [runtime-status] [5476] Resolved module firebase-admin {"declared":true,"installed":true,"version":"9.8.0","resolution":"E:\\amazon-clone\\functions\\node_modules\\firebase-admin\\lib\\index.js"} {"metadata":{"emulator":{"name":"functions"},"function":{"name":"api"},"message":"[runtime-status] [5476] Resolved module firebase-admin {\"declared\":true,\"installed\":true,\"version\":\"9.8.0\",\"resolution\":\"E:\\\\amazon-clone\\\\functions\\\\node_modules\\\\firebase-admin\\\\lib\\\\index.js\"}"}}
[debug] [2021-05-13T11:27:35.803Z] [runtime-status] [5476] Resolved module firebase-functions {"declared":true,"installed":true,"version":"3.14.0","resolution":"E:\\amazon-clone\\functions\\node_modules\\firebase-functions\\lib\\index.js"} {"metadata":{"emulator":{"name":"functions"},"function":{"name":"api"},"message":"[runtime-status] [5476] Resolved module firebase-functions {\"declared\":true,\"installed\":true,\"version\":\"3.14.0\",\"resolution\":\"E:\\\\amazon-clone\\\\functions\\\\node_modules\\\\firebase-functions\\\\lib\\\\index.js\"}"}}
[debug] [2021-05-13T11:27:35.804Z] [runtime-status] [5476] Resolved module firebase-functions {"declared":true,"installed":true,"version":"3.14.0","resolution":"E:\\amazon-clone\\functions\\node_modules\\firebase-functions\\lib\\index.js"} {"metadata":{"emulator":{"name":"functions"},"function":{"name":"api"},"message":"[runtime-status] [5476] Resolved module firebase-functions {\"declared\":true,\"installed\":true,\"version\":\"3.14.0\",\"resolution\":\"E:\\\\amazon-clone\\\\functions\\\\node_modules\\\\firebase-functions\\\\lib\\\\index.js\"}"}}
[debug] [2021-05-13T11:27:35.806Z] [runtime-status] [5476] Outgoing network have been stubbed. [{"name":"http","status":"mocked"},{"name":"http","status":"mocked"},{"name":"https","status":"mocked"},{"name":"https","status":"mocked"},{"name":"net","status":"mocked"}] {"metadata":{"emulator":{"name":"functions"},"function":{"name":"api"},"message":"[runtime-status] [5476] Outgoing network have been stubbed. [{\"name\":\"http\",\"status\":\"mocked\"},{\"name\":\"http\",\"status\":\"mocked\"},{\"name\":\"https\",\"status\":\"mocked\"},{\"name\":\"https\",\"status\":\"mocked\"},{\"name\":\"net\",\"status\":\"mocked\"}]"}}
[debug] [2021-05-13T11:27:35.806Z] [runtime-status] [5476] Resolved module firebase-functions {"declared":true,"installed":true,"version":"3.14.0","resolution":"E:\\amazon-clone\\functions\\node_modules\\firebase-functions\\lib\\index.js"} {"metadata":{"emulator":{"name":"functions"},"function":{"name":"api"},"message":"[runtime-status] [5476] Resolved module firebase-functions {\"declared\":true,\"installed\":true,\"version\":\"3.14.0\",\"resolution\":\"E:\\\\amazon-clone\\\\functions\\\\node_modules\\\\firebase-functions\\\\lib\\\\index.js\"}"}}
[debug] [2021-05-13T11:27:35.859Z] [runtime-status] [5476] Checked functions.config() {"config":{}} {"metadata":{"emulator":{"name":"functions"},"function":{"name":"api"},"message":"[runtime-status] [5476] Checked functions.config() {\"config\":{}}"}}
[debug] [2021-05-13T11:27:35.860Z] [runtime-status] [5476] firebase-functions has been stubbed. {"functionsResolution":{"declared":true,"installed":true,"version":"3.14.0","resolution":"E:\\amazon-clone\\functions\\node_modules\\firebase-functions\\lib\\index.js"}} {"metadata":{"emulator":{"name":"functions"},"function":{"name":"api"},"message":"[runtime-status] [5476] firebase-functions has been stubbed. {\"functionsResolution\":{\"declared\":true,\"installed\":true,\"version\":\"3.14.0\",\"resolution\":\"E:\\\\amazon-clone\\\\functions\\\\node_modules\\\\firebase-functions\\\\lib\\\\index.js\"}}"}}
[debug] [2021-05-13T11:27:35.860Z] [runtime-status] [5476] Resolved module firebase-functions {"declared":true,"installed":true,"version":"3.14.0","resolution":"E:\\amazon-clone\\functions\\node_modules\\firebase-functions\\lib\\index.js"} {"metadata":{"emulator":{"name":"functions"},"function":{"name":"api"},"message":"[runtime-status] [5476] Resolved module firebase-functions {\"declared\":true,\"installed\":true,\"version\":\"3.14.0\",\"resolution\":\"E:\\\\amazon-clone\\\\functions\\\\node_modules\\\\firebase-functions\\\\lib\\\\index.js\"}"}}
[debug] [2021-05-13T11:27:35.861Z] [runtime-status] [5476] Resolved module firebase-admin {"declared":true,"installed":true,"version":"9.8.0","resolution":"E:\\amazon-clone\\functions\\node_modules\\firebase-admin\\lib\\index.js"} {"metadata":{"emulator":{"name":"functions"},"function":{"name":"api"},"message":"[runtime-status] [5476] Resolved module firebase-admin {\"declared\":true,\"installed\":true,\"version\":\"9.8.0\",\"resolution\":\"E:\\\\amazon-clone\\\\functions\\\\node_modules\\\\firebase-admin\\\\lib\\\\index.js\"}"}}
[debug] [2021-05-13T11:27:35.862Z] [runtime-status] [5476] Resolved module firebase-functions {"declared":true,"installed":true,"version":"3.14.0","resolution":"E:\\amazon-clone\\functions\\node_modules\\firebase-functions\\lib\\index.js"} {"metadata":{"emulator":{"name":"functions"},"function":{"name":"api"},"message":"[runtime-status] [5476] Resolved module firebase-functions {\"declared\":true,\"installed\":true,\"version\":\"3.14.0\",\"resolution\":\"E:\\\\amazon-clone\\\\functions\\\\node_modules\\\\firebase-functions\\\\lib\\\\index.js\"}"}}
[debug] [2021-05-13T11:27:35.862Z] [runtime-status] [5476] firebase-admin has been stubbed. {"adminResolution":{"declared":true,"installed":true,"version":"9.8.0","resolution":"E:\\amazon-clone\\functions\\node_modules\\firebase-admin\\lib\\index.js"}} {"metadata":{"emulator":{"name":"functions"},"function":{"name":"api"},"message":"[runtime-status] [5476] firebase-admin has been stubbed. {\"adminResolution\":{\"declared\":true,\"installed\":true,\"version\":\"9.8.0\",\"resolution\":\"E:\\\\amazon-clone\\\\functions\\\\node_modules\\\\firebase-admin\\\\lib\\\\index.js\"}}"}}
[debug] [2021-05-13T11:27:36.151Z] [runtime-status] [5476] Trigger "api" has been found, beginning invocation! {"metadata":{"emulator":{"name":"functions"},"function":{"name":"api"},"message":"[runtime-status] [5476] Trigger \"api\" has been found, beginning invocation!"}}
[info] i  functions: Beginning execution of "api" {"metadata":{"emulator":{"name":"functions"},"function":{"name":"api"},"message":"Beginning execution of \"api\""}}
[debug] [2021-05-13T11:27:36.153Z] [runtime-status] [5476] triggerDefinition {"httpsTrigger":{},"name":"api","entryPoint":"api"} {"metadata":{"emulator":{"name":"functions"},"function":{"name":"api"},"message":"[runtime-status] [5476] triggerDefinition {\"httpsTrigger\":{},\"name\":\"api\",\"entryPoint\":\"api\"}"}}
[debug] [2021-05-13T11:27:36.154Z] [runtime-status] [5476] Running api in mode HTTPS {"metadata":{"emulator":{"name":"functions"},"function":{"name":"api"},"message":"[runtime-status] [5476] Running api in mode HTTPS"}}
[debug] [2021-05-13T11:27:36.164Z] [runtime-status] [5476] Attempting to listen to socketPath: \\?\pipe\E:\amazon-clone\functions\5476 {"metadata":{"emulator":{"name":"functions"},"function":{"name":"api"},"message":"[runtime-status] [5476] Attempting to listen to socketPath: \\\\?\\pipe\\E:\\amazon-clone\\functions\\5476"}}
[debug] [2021-05-13T11:27:36.176Z] [functions] Runtime ready! Sending request! {"metadata":{"emulator":{"name":"functions"},"message":"[functions] Runtime ready! Sending request!"}}
[debug] [2021-05-13T11:27:36.178Z] [functions] Got req.url=/clone-42a44/us-central1/api/payments/create?total=0, mapping to path=/payments/create?total=0 {"metadata":{"emulator":{"name":"functions"},"message":"[functions] Got req.url=/clone-42a44/us-central1/api/payments/create?total=0, mapping to path=/payments/create?total=0"}}
[debug] [2021-05-13T11:27:36.202Z] [runtime-status] [5476] Ephemeral server handling POST request {"metadata":{"emulator":{"name":"functions"},"function":{"name":"api"},"message":"[runtime-status] [5476] Ephemeral server handling POST request"}}
[info] >  payment received of  0 {"user":"payment received of  0","metadata":{"emulator":{"name":"functions"},"function":{"name":"api"},"message":"\u001b[90m> \u001b[39m payment received of  0"}}
[debug] [2021-05-13T11:27:36.267Z] [runtime-status] [5476] Ephemeral server survived. {"metadata":{"emulator":{"name":"functions"},"function":{"name":"api"},"message":"[runtime-status] [5476] Ephemeral server survived."}}
[info] >  (node:5476) UnhandledPromiseRejectionWarning: Error: This value must be greater than or equal to 1. {"user":"(node:5476) UnhandledPromiseRejectionWarning: Error: This value must be greater than or equal to 1.","metadata":{"emulator":{"name":"functions"},"function":{"name":"api"},"message":"\u001b[90m> \u001b[39m (node:5476) UnhandledPromiseRejectionWarning: Error: This value must be greater than or equal to 1."}}
[info] >      at Function.generate (E:\amazon-clone\functions\node_modules\stripe\lib\Error.js:40:16) {"user":"    at Function.generate (E:\\amazon-clone\\functions\\node_modules\\stripe\\lib\\Error.js:40:16)","metadata":{"emulator":{"name":"functions"},"function":{"name":"api"},"message":"\u001b[90m> \u001b[39m     at Function.generate (E:\\amazon-clone\\functions\\node_modules\\stripe\\lib\\Error.js:40:16)"}}
[info] >      at IncomingMessage.<anonymous> (E:\amazon-clone\functions\node_modules\stripe\lib\StripeResource.js:180:33) {"user":"    at IncomingMessage.<anonymous> (E:\\amazon-clone\\functions\\node_modules\\stripe\\lib\\StripeResource.js:180:33)","metadata":{"emulator":{"name":"functions"},"function":{"name":"api"},"message":"\u001b[90m> \u001b[39m     at IncomingMessage.<anonymous> (E:\\amazon-clone\\functions\\node_modules\\stripe\\lib\\StripeResource.js:180:33)"}}
[info] >      at Object.onceWrapper (events.js:421:28) {"user":"    at Object.onceWrapper (events.js:421:28)","metadata":{"emulator":{"name":"functions"},"function":{"name":"api"},"message":"\u001b[90m> \u001b[39m     at Object.onceWrapper (events.js:421:28)"}}
[info] >      at IncomingMessage.emit (events.js:327:22) {"user":"    at IncomingMessage.emit (events.js:327:22)","metadata":{"emulator":{"name":"functions"},"function":{"name":"api"},"message":"\u001b[90m> \u001b[39m     at IncomingMessage.emit (events.js:327:22)"}}
[info] >      at endReadableNT (internal/streams/readable.js:1327:12) {"user":"    at endReadableNT (internal/streams/readable.js:1327:12)","metadata":{"emulator":{"name":"functions"},"function":{"name":"api"},"message":"\u001b[90m> \u001b[39m     at endReadableNT (internal/streams/readable.js:1327:12)"}}
[info] >      at processTicksAndRejections (internal/process/task_queues.js:80:21) {"user":"    at processTicksAndRejections (internal/process/task_queues.js:80:21)","metadata":{"emulator":{"name":"functions"},"function":{"name":"api"},"message":"\u001b[90m> \u001b[39m     at processTicksAndRejections (internal/process/task_queues.js:80:21)"}}
[info] >  (Use `node --trace-warnings ...` to show where the warning was created) {"user":"(Use `node --trace-warnings ...` to show where the warning was created)","metadata":{"emulator":{"name":"functions"},"function":{"name":"api"},"message":"\u001b[90m> \u001b[39m (Use `node --trace-warnings ...` to show where the warning was created)"}}
[info] >  (node:5476) UnhandledPromiseRejectionWarning: Unhandled promise rejection. This error originated either by throwing inside of an async function without a catch block, or by rejecting a promise which was not handled with .catch(). To terminate the node process on unhandled promise rejection, use the CLI flag `--unhandled-rejections=strict` (see https://nodejs.org/api/cli.html#cli_unhandled_rejections_mode). (rejection id: 1) {"user":"(node:5476) UnhandledPromiseRejectionWarning: Unhandled promise rejection. This error originated either by throwing inside of an async function without a catch block, or by rejecting a promise which was not handled with .catch(). To terminate the node process on unhandled promise rejection, use the CLI flag `--unhandled-rejections=strict` (see https://nodejs.org/api/cli.html#cli_unhandled_rejections_mode). (rejection id: 1)","metadata":{"emulator":{"name":"functions"},"function":{"name":"api"},"message":"\u001b[90m> \u001b[39m (node:5476) UnhandledPromiseRejectionWarning: Unhandled promise rejection. This error originated either by throwing inside of an async function without a catch block, or by rejecting a promise which was not handled with .catch(). To terminate the node process on unhandled promise rejection, use the CLI flag `--unhandled-rejections=strict` (see https://nodejs.org/api/cli.html#cli_unhandled_rejections_mode). (rejection id: 1)"}}
[info] >  (node:5476) [DEP0018] DeprecationWarning: Unhandled promise rejections are deprecated. In the future, promise rejections that are not handled will terminate the Node.js process with a non-zero exit code. {"user":"(node:5476) [DEP0018] DeprecationWarning: Unhandled promise rejections are deprecated. In the future, promise rejections that are not handled will terminate the Node.js process with a non-zero exit code.","metadata":{"emulator":{"name":"functions"},"function":{"name":"api"},"message":"\u001b[90m> \u001b[39m (node:5476) [DEP0018] DeprecationWarning: Unhandled promise rejections are deprecated. In the future, promise rejections that are not handled will terminate the Node.js process with a non-zero exit code."}}
[debug] [2021-05-13T11:28:14.805Z] [work-queue] {"queueLength":1,"workRunningCount":1}
[debug] [2021-05-13T11:28:14.806Z] [work-queue] {"queueLength":0,"workRunningCount":2}
[debug] [2021-05-13T11:28:14.807Z] Accepted request POST /clone-42a44/us-central1/api/payments/create?total=25096 --> api
[debug] [2021-05-13T11:28:14.824Z] [worker-pool] addWorker(api) {"metadata":{"emulator":{"name":"functions"},"message":"[worker-pool] addWorker(api)"}}
[debug] [2021-05-13T11:28:14.824Z] [worker-pool] Adding worker with key api, total=2 {"metadata":{"emulator":{"name":"functions"},"message":"[worker-pool] Adding worker with key api, total=2"}}
[debug] [2021-05-13T11:28:14.825Z] [worker-pool] submitWork(triggerId=api) {"metadata":{"emulator":{"name":"functions"},"message":"[worker-pool] submitWork(triggerId=api)"}}
[debug] [2021-05-13T11:28:14.826Z] [worker-api-edebde27-c7bc-4453-96f7-7bf098da7ae8]: Assigning socketPath: \\?\pipe\E:\amazon-clone\functions\17252 {"metadata":{"emulator":{"name":"functions"},"message":"[worker-api-edebde27-c7bc-4453-96f7-7bf098da7ae8]: Assigning socketPath: \\\\?\\pipe\\E:\\amazon-clone\\functions\\17252"}}
[debug] [2021-05-13T11:28:14.826Z] [worker-api-edebde27-c7bc-4453-96f7-7bf098da7ae8]: BUSY {"metadata":{"emulator":{"name":"functions"},"message":"[worker-api-edebde27-c7bc-4453-96f7-7bf098da7ae8]: BUSY"}}
[debug] [2021-05-13T11:28:15.208Z] [runtime-status] [17252] Functions runtime initialized. {"cwd":"E:\\amazon-clone\\functions","node_version":"14.16.1"} {"metadata":{"emulator":{"name":"functions"},"function":{"name":"api"},"message":"[runtime-status] [17252] Functions runtime initialized. {\"cwd\":\"E:\\\\amazon-clone\\\\functions\",\"node_version\":\"14.16.1\"}"}}
[debug] [2021-05-13T11:28:15.209Z] [runtime-status] [17252] Disabled runtime features: undefined {"metadata":{"emulator":{"name":"functions"},"function":{"name":"api"},"message":"[runtime-status] [17252] Disabled runtime features: undefined"}}
[debug] [2021-05-13T11:28:15.211Z] [runtime-status] [17252] Resolved module firebase-admin {"declared":true,"installed":true,"version":"9.8.0","resolution":"E:\\amazon-clone\\functions\\node_modules\\firebase-admin\\lib\\index.js"} {"metadata":{"emulator":{"name":"functions"},"function":{"name":"api"},"message":"[runtime-status] [17252] Resolved module firebase-admin {\"declared\":true,\"installed\":true,\"version\":\"9.8.0\",\"resolution\":\"E:\\\\amazon-clone\\\\functions\\\\node_modules\\\\firebase-admin\\\\lib\\\\index.js\"}"}}
[debug] [2021-05-13T11:28:15.213Z] [runtime-status] [17252] Resolved module firebase-functions {"declared":true,"installed":true,"version":"3.14.0","resolution":"E:\\amazon-clone\\functions\\node_modules\\firebase-functions\\lib\\index.js"} {"metadata":{"emulator":{"name":"functions"},"function":{"name":"api"},"message":"[runtime-status] [17252] Resolved module firebase-functions {\"declared\":true,\"installed\":true,\"version\":\"3.14.0\",\"resolution\":\"E:\\\\amazon-clone\\\\functions\\\\node_modules\\\\firebase-functions\\\\lib\\\\index.js\"}"}}
[debug] [2021-05-13T11:28:15.214Z] [runtime-status] [17252] Resolved module firebase-functions {"declared":true,"installed":true,"version":"3.14.0","resolution":"E:\\amazon-clone\\functions\\node_modules\\firebase-functions\\lib\\index.js"} {"metadata":{"emulator":{"name":"functions"},"function":{"name":"api"},"message":"[runtime-status] [17252] Resolved module firebase-functions {\"declared\":true,\"installed\":true,\"version\":\"3.14.0\",\"resolution\":\"E:\\\\amazon-clone\\\\functions\\\\node_modules\\\\firebase-functions\\\\lib\\\\index.js\"}"}}
[debug] [2021-05-13T11:28:15.216Z] [runtime-status] [17252] Outgoing network have been stubbed. [{"name":"http","status":"mocked"},{"name":"http","status":"mocked"},{"name":"https","status":"mocked"},{"name":"https","status":"mocked"},{"name":"net","status":"mocked"}] {"metadata":{"emulator":{"name":"functions"},"function":{"name":"api"},"message":"[runtime-status] [17252] Outgoing network have been stubbed. [{\"name\":\"http\",\"status\":\"mocked\"},{\"name\":\"http\",\"status\":\"mocked\"},{\"name\":\"https\",\"status\":\"mocked\"},{\"name\":\"https\",\"status\":\"mocked\"},{\"name\":\"net\",\"status\":\"mocked\"}]"}}
[debug] [2021-05-13T11:28:15.216Z] [runtime-status] [17252] Resolved module firebase-functions {"declared":true,"installed":true,"version":"3.14.0","resolution":"E:\\amazon-clone\\functions\\node_modules\\firebase-functions\\lib\\index.js"} {"metadata":{"emulator":{"name":"functions"},"function":{"name":"api"},"message":"[runtime-status] [17252] Resolved module firebase-functions {\"declared\":true,\"installed\":true,\"version\":\"3.14.0\",\"resolution\":\"E:\\\\amazon-clone\\\\functions\\\\node_modules\\\\firebase-functions\\\\lib\\\\index.js\"}"}}
[debug] [2021-05-13T11:28:15.273Z] [runtime-status] [17252] Checked functions.config() {"config":{}} {"metadata":{"emulator":{"name":"functions"},"function":{"name":"api"},"message":"[runtime-status] [17252] Checked functions.config() {\"config\":{}}"}}
[debug] [2021-05-13T11:28:15.273Z] [runtime-status] [17252] firebase-functions has been stubbed. {"functionsResolution":{"declared":true,"installed":true,"version":"3.14.0","resolution":"E:\\amazon-clone\\functions\\node_modules\\firebase-functions\\lib\\index.js"}} {"metadata":{"emulator":{"name":"functions"},"function":{"name":"api"},"message":"[runtime-status] [17252] firebase-functions has been stubbed. {\"functionsResolution\":{\"declared\":true,\"installed\":true,\"version\":\"3.14.0\",\"resolution\":\"E:\\\\amazon-clone\\\\functions\\\\node_modules\\\\firebase-functions\\\\lib\\\\index.js\"}}"}}
[debug] [2021-05-13T11:28:15.274Z] [runtime-status] [17252] Resolved module firebase-functions {"declared":true,"installed":true,"version":"3.14.0","resolution":"E:\\amazon-clone\\functions\\node_modules\\firebase-functions\\lib\\index.js"} {"metadata":{"emulator":{"name":"functions"},"function":{"name":"api"},"message":"[runtime-status] [17252] Resolved module firebase-functions {\"declared\":true,\"installed\":true,\"version\":\"3.14.0\",\"resolution\":\"E:\\\\amazon-clone\\\\functions\\\\node_modules\\\\firebase-functions\\\\lib\\\\index.js\"}"}}
[debug] [2021-05-13T11:28:15.276Z] [runtime-status] [17252] Resolved module firebase-admin {"declared":true,"installed":true,"version":"9.8.0","resolution":"E:\\amazon-clone\\functions\\node_modules\\firebase-admin\\lib\\index.js"} {"metadata":{"emulator":{"name":"functions"},"function":{"name":"api"},"message":"[runtime-status] [17252] Resolved module firebase-admin {\"declared\":true,\"installed\":true,\"version\":\"9.8.0\",\"resolution\":\"E:\\\\amazon-clone\\\\functions\\\\node_modules\\\\firebase-admin\\\\lib\\\\index.js\"}"}}
[debug] [2021-05-13T11:28:15.277Z] [runtime-status] [17252] Resolved module firebase-functions {"declared":true,"installed":true,"version":"3.14.0","resolution":"E:\\amazon-clone\\functions\\node_modules\\firebase-functions\\lib\\index.js"} {"metadata":{"emulator":{"name":"functions"},"function":{"name":"api"},"message":"[runtime-status] [17252] Resolved module firebase-functions {\"declared\":true,\"installed\":true,\"version\":\"3.14.0\",\"resolution\":\"E:\\\\amazon-clone\\\\functions\\\\node_modules\\\\firebase-functions\\\\lib\\\\index.js\"}"}}
[debug] [2021-05-13T11:28:15.277Z] [runtime-status] [17252] firebase-admin has been stubbed. {"adminResolution":{"declared":true,"installed":true,"version":"9.8.0","resolution":"E:\\amazon-clone\\functions\\node_modules\\firebase-admin\\lib\\index.js"}} {"metadata":{"emulator":{"name":"functions"},"function":{"name":"api"},"message":"[runtime-status] [17252] firebase-admin has been stubbed. {\"adminResolution\":{\"declared\":true,\"installed\":true,\"version\":\"9.8.0\",\"resolution\":\"E:\\\\amazon-clone\\\\functions\\\\node_modules\\\\firebase-admin\\\\lib\\\\index.js\"}}"}}
[debug] [2021-05-13T11:28:15.445Z] [runtime-status] [17252] Trigger "api" has been found, beginning invocation! {"metadata":{"emulator":{"name":"functions"},"function":{"name":"api"},"message":"[runtime-status] [17252] Trigger \"api\" has been found, beginning invocation!"}}
[info] i  functions: Beginning execution of "api" {"metadata":{"emulator":{"name":"functions"},"function":{"name":"api"},"message":"Beginning execution of \"api\""}}
[debug] [2021-05-13T11:28:15.448Z] [runtime-status] [17252] triggerDefinition {"httpsTrigger":{},"name":"api","entryPoint":"api"} {"metadata":{"emulator":{"name":"functions"},"function":{"name":"api"},"message":"[runtime-status] [17252] triggerDefinition {\"httpsTrigger\":{},\"name\":\"api\",\"entryPoint\":\"api\"}"}}
[debug] [2021-05-13T11:28:15.448Z] [runtime-status] [17252] Running api in mode HTTPS {"metadata":{"emulator":{"name":"functions"},"function":{"name":"api"},"message":"[runtime-status] [17252] Running api in mode HTTPS"}}
[debug] [2021-05-13T11:28:15.453Z] [runtime-status] [17252] Attempting to listen to socketPath: \\?\pipe\E:\amazon-clone\functions\17252 {"metadata":{"emulator":{"name":"functions"},"function":{"name":"api"},"message":"[runtime-status] [17252] Attempting to listen to socketPath: \\\\?\\pipe\\E:\\amazon-clone\\functions\\17252"}}
[debug] [2021-05-13T11:28:15.458Z] [functions] Runtime ready! Sending request! {"metadata":{"emulator":{"name":"functions"},"message":"[functions] Runtime ready! Sending request!"}}
[debug] [2021-05-13T11:28:15.459Z] [functions] Got req.url=/clone-42a44/us-central1/api/payments/create?total=25096, mapping to path=/payments/create?total=25096 {"metadata":{"emulator":{"name":"functions"},"message":"[functions] Got req.url=/clone-42a44/us-central1/api/payments/create?total=25096, mapping to path=/payments/create?total=25096"}}
[debug] [2021-05-13T11:28:15.469Z] [runtime-status] [17252] Ephemeral server handling POST request {"metadata":{"emulator":{"name":"functions"},"function":{"name":"api"},"message":"[runtime-status] [17252] Ephemeral server handling POST request"}}
[info] >  payment received of  25096 {"user":"payment received of  25096","metadata":{"emulator":{"name":"functions"},"function":{"name":"api"},"message":"\u001b[90m> \u001b[39m payment received of  25096"}}
[debug] [2021-05-13T11:28:15.515Z] [runtime-status] [17252] Ephemeral server survived. {"metadata":{"emulator":{"name":"functions"},"function":{"name":"api"},"message":"[runtime-status] [17252] Ephemeral server survived."}}
[info] i  functions: Finished "api" in ~1s {"metadata":{"emulator":{"name":"functions"},"function":{"name":"api"},"message":"Finished \"api\" in ~1s"}}
[debug] [2021-05-13T11:28:15.966Z] [worker-api-edebde27-c7bc-4453-96f7-7bf098da7ae8]: IDLE {"metadata":{"emulator":{"name":"functions"},"message":"[worker-api-edebde27-c7bc-4453-96f7-7bf098da7ae8]: IDLE"}}
[debug] [2021-05-13T11:28:15.967Z] [work-queue] {"queueLength":0,"workRunningCount":1}
[warn] !  functions: Your function timed out after ~60s. To configure this timeout, see
      https://firebase.google.com/docs/functions/manage-functions#set_timeout_and_memory_allocation. {"metadata":{"emulator":{"name":"functions"},"function":{"name":"api"},"message":"Your function timed out after ~60s. To configure this timeout, see\n      https://firebase.google.com/docs/functions/manage-functions#set_timeout_and_memory_allocation."}}
[info] >  C:\Users\hp\AppData\Roaming\npm\node_modules\firebase-tools\lib\emulator\functionsEmulatorRuntime.js:648 {"user":"C:\\Users\\hp\\AppData\\Roaming\\npm\\node_modules\\firebase-tools\\lib\\emulator\\functionsEmulatorRuntime.js:648\r","metadata":{"emulator":{"name":"functions"},"function":{"name":"api"},"message":"\u001b[90m> \u001b[39m C:\\Users\\hp\\AppData\\Roaming\\npm\\node_modules\\firebase-tools\\lib\\emulator\\functionsEmulatorRuntime.js:648\r"}}
[info] >              throw new Error("Function timed out."); {"user":"            throw new Error(\"Function timed out.\");\r","metadata":{"emulator":{"name":"functions"},"function":{"name":"api"},"message":"\u001b[90m> \u001b[39m             throw new Error(\"Function timed out.\");\r"}}
[info] >              ^ {"user":"            ^\r","metadata":{"emulator":{"name":"functions"},"function":{"name":"api"},"message":"\u001b[90m> \u001b[39m             ^\r"}}
[info] >   {"user":"\r","metadata":{"emulator":{"name":"functions"},"function":{"name":"api"},"message":"\u001b[90m> \u001b[39m \r"}}
[info] >  Error: Function timed out. {"user":"Error: Function timed out.\r","metadata":{"emulator":{"name":"functions"},"function":{"name":"api"},"message":"\u001b[90m> \u001b[39m Error: Function timed out.\r"}}
[info] >      at Timeout._onTimeout (C:\Users\hp\AppData\Roaming\npm\node_modules\firebase-tools\lib\emulator\functionsEmulatorRuntime.js:648:19) {"user":"    at Timeout._onTimeout (C:\\Users\\hp\\AppData\\Roaming\\npm\\node_modules\\firebase-tools\\lib\\emulator\\functionsEmulatorRuntime.js:648:19)\r","metadata":{"emulator":{"name":"functions"},"function":{"name":"api"},"message":"\u001b[90m> \u001b[39m     at Timeout._onTimeout (C:\\Users\\hp\\AppData\\Roaming\\npm\\node_modules\\firebase-tools\\lib\\emulator\\functionsEmulatorRuntime.js:648:19)\r"}}
[info] >      at listOnTimeout (internal/timers.js:554:17) {"user":"    at listOnTimeout (internal/timers.js:554:17)\r","metadata":{"emulator":{"name":"functions"},"function":{"name":"api"},"message":"\u001b[90m> \u001b[39m     at listOnTimeout (internal/timers.js:554:17)\r"}}
[info] >      at processTimers (internal/timers.js:497:7) {"user":"    at processTimers (internal/timers.js:497:7)\r","metadata":{"emulator":{"name":"functions"},"function":{"name":"api"},"message":"\u001b[90m> \u001b[39m     at processTimers (internal/timers.js:497:7)\r"}}
[debug] [2021-05-13T11:28:36.183Z] [worker-api-5d0b7ed4-c91d-4131-a3fc-d27b0ae8d1c4]: exited {"metadata":{"emulator":{"name":"functions"},"message":"[worker-api-5d0b7ed4-c91d-4131-a3fc-d27b0ae8d1c4]: exited"}}
[debug] [2021-05-13T11:28:36.184Z] [worker-api-5d0b7ed4-c91d-4131-a3fc-d27b0ae8d1c4]: FINISHED {"metadata":{"emulator":{"name":"functions"},"message":"[worker-api-5d0b7ed4-c91d-4131-a3fc-d27b0ae8d1c4]: FINISHED"}}
[debug] [2021-05-13T11:28:36.184Z] [work-queue] {"queueLength":0,"workRunningCount":0}
[debug] [2021-05-13T11:33:10.501Z] [work-queue] {"queueLength":1,"workRunningCount":0}
[debug] [2021-05-13T11:33:10.502Z] [work-queue] {"queueLength":0,"workRunningCount":1}
[debug] [2021-05-13T11:33:10.502Z] Accepted request POST /clone-42a44/us-central1/api/payments/create?total=94894 --> api
[debug] [2021-05-13T11:33:10.503Z] [worker-pool] Cleaned up workers for api: 2 --> 1 {"metadata":{"emulator":{"name":"functions"},"message":"[worker-pool] Cleaned up workers for api: 2 --> 1"}}
[debug] [2021-05-13T11:33:10.503Z] [worker-pool] submitWork(triggerId=api) {"metadata":{"emulator":{"name":"functions"},"message":"[worker-pool] submitWork(triggerId=api)"}}
[debug] [2021-05-13T11:33:10.503Z] [worker-api-edebde27-c7bc-4453-96f7-7bf098da7ae8]: Assigning socketPath: \\?\pipe\E:\amazon-clone\functions\17252 {"metadata":{"emulator":{"name":"functions"},"message":"[worker-api-edebde27-c7bc-4453-96f7-7bf098da7ae8]: Assigning socketPath: \\\\?\\pipe\\E:\\amazon-clone\\functions\\17252"}}
[debug] [2021-05-13T11:33:10.504Z] [worker-api-edebde27-c7bc-4453-96f7-7bf098da7ae8]: BUSY {"metadata":{"emulator":{"name":"functions"},"message":"[worker-api-edebde27-c7bc-4453-96f7-7bf098da7ae8]: BUSY"}}
[debug] [2021-05-13T11:33:10.505Z] [runtime-status] [17252] Trigger "api" has been found, beginning invocation! {"metadata":{"emulator":{"name":"functions"},"function":{"name":"api"},"message":"[runtime-status] [17252] Trigger \"api\" has been found, beginning invocation!"}}
[info] i  functions: Beginning execution of "api" {"metadata":{"emulator":{"name":"functions"},"function":{"name":"api"},"message":"Beginning execution of \"api\""}}
[debug] [2021-05-13T11:33:10.508Z] [runtime-status] [17252] triggerDefinition {"httpsTrigger":{},"name":"api","entryPoint":"api"} {"metadata":{"emulator":{"name":"functions"},"function":{"name":"api"},"message":"[runtime-status] [17252] triggerDefinition {\"httpsTrigger\":{},\"name\":\"api\",\"entryPoint\":\"api\"}"}}
[debug] [2021-05-13T11:33:10.509Z] [runtime-status] [17252] Running api in mode HTTPS {"metadata":{"emulator":{"name":"functions"},"function":{"name":"api"},"message":"[runtime-status] [17252] Running api in mode HTTPS"}}
[debug] [2021-05-13T11:33:10.510Z] [runtime-status] [17252] Attempting to listen to socketPath: \\?\pipe\E:\amazon-clone\functions\17252 {"metadata":{"emulator":{"name":"functions"},"function":{"name":"api"},"message":"[runtime-status] [17252] Attempting to listen to socketPath: \\\\?\\pipe\\E:\\amazon-clone\\functions\\17252"}}
[debug] [2021-05-13T11:33:10.513Z] [functions] Runtime ready! Sending request! {"metadata":{"emulator":{"name":"functions"},"message":"[functions] Runtime ready! Sending request!"}}
[debug] [2021-05-13T11:33:10.513Z] [functions] Got req.url=/clone-42a44/us-central1/api/payments/create?total=94894, mapping to path=/payments/create?total=94894 {"metadata":{"emulator":{"name":"functions"},"message":"[functions] Got req.url=/clone-42a44/us-central1/api/payments/create?total=94894, mapping to path=/payments/create?total=94894"}}
[debug] [2021-05-13T11:33:10.520Z] [runtime-status] [17252] Ephemeral server handling POST request {"metadata":{"emulator":{"name":"functions"},"function":{"name":"api"},"message":"[runtime-status] [17252] Ephemeral server handling POST request"}}
[info] >  payment received of  94894 {"user":"payment received of  94894","metadata":{"emulator":{"name":"functions"},"function":{"name":"api"},"message":"\u001b[90m> \u001b[39m payment received of  94894"}}
[debug] [2021-05-13T11:33:10.527Z] [runtime-status] [17252] Ephemeral server survived. {"metadata":{"emulator":{"name":"functions"},"function":{"name":"api"},"message":"[runtime-status] [17252] Ephemeral server survived."}}
[info] i  functions: Finished "api" in ~1s {"metadata":{"emulator":{"name":"functions"},"function":{"name":"api"},"message":"Finished \"api\" in ~1s"}}
[debug] [2021-05-13T11:33:10.916Z] [worker-api-edebde27-c7bc-4453-96f7-7bf098da7ae8]: IDLE {"metadata":{"emulator":{"name":"functions"},"message":"[worker-api-edebde27-c7bc-4453-96f7-7bf098da7ae8]: IDLE"}}
[debug] [2021-05-13T11:33:10.917Z] [work-queue] {"queueLength":0,"workRunningCount":0}
[debug] [2021-05-13T11:34:57.899Z] File E:\amazon-clone\functions\index.js changed, reloading triggers {"metadata":{"emulator":{"name":"functions"},"message":"File E:\\amazon-clone\\functions\\index.js changed, reloading triggers"}}
